<?xml version="1.0" encoding="UTF-8"?>
<testng-results skipped="0" failed="0" total="1" passed="1">
  <reporter-output>
  </reporter-output>
  <suite name="Default suite" duration-ms="25" started-at="2019-10-15T07:49:51Z" finished-at="2019-10-15T07:49:51Z">
    <groups>
    </groups>
    <test name="Default test" duration-ms="25" started-at="2019-10-15T07:49:51Z" finished-at="2019-10-15T07:49:51Z">
      <class name="git_test.Test_helloword">
        <test-method status="PASS" signature="f()[pri:0, instance:git_test.Test_helloword@541767f1]" name="f" duration-ms="11" started-at="2019-10-15T15:49:51Z" finished-at="2019-10-15T15:49:51Z">
          <reporter-output>
          </reporter-output>
        </test-method> <!-- f -->
      </class> <!-- git_test.Test_helloword -->
    </test> <!-- Default test -->
  </suite> <!-- Default suite -->
</testng-results>
